<?xml version="1.0" encoding="UTF-8"?>
<robot generator="Robot 5.0 (Python 3.10.4 on win32)" generated="20220516 15:36:57.857" rpa="false" schemaversion="3">
<suite id="s1" name="Forloop1" source="C:\Users\SBESTHA\Desktop\RobotFramework\Forloop1.robot">
<test id="s1-t1" name="Verify that all the quick launch texts is same as our Text list" line="10">
<kw name="Open Browser" library="SeleniumLibrary">
<arg>https://opensource-demo.orangehrmlive.com/</arg>
<arg>Chrome</arg>
<doc>Opens a new browser instance to the optional ``url``.</doc>
<msg timestamp="20220516 15:36:57.989" level="INFO">Opening browser 'Chrome' to base url 'https://opensource-demo.orangehrmlive.com/'.</msg>
<status status="PASS" starttime="20220516 15:36:57.989" endtime="20220516 15:37:02.519"/>
</kw>
<kw name="Wait Until Element Is Visible" library="SeleniumLibrary">
<arg>id:txtUsername</arg>
<arg>timeout=5</arg>
<doc>Waits until the element ``locator`` is visible.</doc>
<status status="PASS" starttime="20220516 15:37:02.521" endtime="20220516 15:37:02.538"/>
</kw>
<kw name="Input Text" library="SeleniumLibrary">
<arg>id:txtUsername</arg>
<arg>Admin</arg>
<doc>Types the given ``text`` into the text field identified by ``locator``.</doc>
<msg timestamp="20220516 15:37:02.539" level="INFO">Typing text 'Admin' into text field 'id:txtUsername'.</msg>
<status status="PASS" starttime="20220516 15:37:02.538" endtime="20220516 15:37:02.590"/>
</kw>
<kw name="Input Password" library="SeleniumLibrary">
<arg>id:txtPassword</arg>
<arg>admin123</arg>
<doc>Types the given password into the text field identified by ``locator``.</doc>
<msg timestamp="20220516 15:37:02.590" level="INFO">Typing password into text field 'id:txtPassword'.</msg>
<msg timestamp="20220516 15:37:02.614" level="INFO">Temporally setting log level to: NONE</msg>
<msg timestamp="20220516 15:37:02.640" level="INFO">Log level changed from NONE to INFO.</msg>
<status status="PASS" starttime="20220516 15:37:02.590" endtime="20220516 15:37:02.640"/>
</kw>
<kw name="Click Element" library="SeleniumLibrary">
<arg>id:btnLogin</arg>
<doc>Click the element identified by ``locator``.</doc>
<msg timestamp="20220516 15:37:02.640" level="INFO">Clicking element 'id:btnLogin'.</msg>
<status status="PASS" starttime="20220516 15:37:02.640" endtime="20220516 15:37:06.760"/>
</kw>
<kw name="Element Should Be Visible" library="SeleniumLibrary">
<arg>id:welcome</arg>
<arg>timeout=5</arg>
<doc>Verifies that the element identified by ``locator`` is visible.</doc>
<msg timestamp="20220516 15:37:06.778" level="INFO">Element 'id:welcome' is displayed.</msg>
<status status="PASS" starttime="20220516 15:37:06.761" endtime="20220516 15:37:06.778"/>
</kw>
<kw name="Get WebElements" library="SeleniumLibrary">
<var>@{elementList}</var>
<arg>css:div.quickLaunge</arg>
<doc>Returns a list of WebElement objects matching the ``locator``.</doc>
<msg timestamp="20220516 15:37:06.788" level="INFO">@{elementList} = [ &lt;selenium.webdriver.remote.webelement.WebElement (session="464cfba674da021df288f09ef4ae2786", element="623be7aa-5b17-497a-9274-a5ed9a062a4d")&gt; | &lt;selenium.webdriver.remote.webelement.WebElement (ses...</msg>
<status status="PASS" starttime="20220516 15:37:06.779" endtime="20220516 15:37:06.788"/>
</kw>
<kw name="Create List" library="BuiltIn">
<var>@{textList}</var>
<doc>Returns a list containing given items.</doc>
<msg timestamp="20220516 15:37:06.789" level="INFO">@{textList} = [ ]</msg>
<status status="PASS" starttime="20220516 15:37:06.789" endtime="20220516 15:37:06.789"/>
</kw>
<for flavor="IN">
<var>${i}</var>
<value>@{elementList}</value>
<iter>
<var name="${i}">&lt;selenium.webdriver.remote.webelement.WebElement (session="464cfba674da021df288f09ef4ae2786", element="623be7aa-5b17-497a-9274-a5ed9a062a4d")&gt;</var>
<kw name="Get Text" library="SeleniumLibrary">
<var>${text}</var>
<arg>${i}</arg>
<doc>Returns the text value of the element identified by ``locator``.</doc>
<msg timestamp="20220516 15:37:06.801" level="INFO">${text} = Assign Leave</msg>
<status status="PASS" starttime="20220516 15:37:06.789" endtime="20220516 15:37:06.801"/>
</kw>
<kw name="Append To List" library="Collections">
<arg>${textList}</arg>
<arg>${text}</arg>
<doc>Adds ``values`` to the end of ``list``.</doc>
<status status="PASS" starttime="20220516 15:37:06.801" endtime="20220516 15:37:06.801"/>
</kw>
<status status="PASS" starttime="20220516 15:37:06.789" endtime="20220516 15:37:06.801"/>
</iter>
<iter>
<var name="${i}">&lt;selenium.webdriver.remote.webelement.WebElement (session="464cfba674da021df288f09ef4ae2786", element="a6988dd5-c41c-4b8b-bed9-0f792679ef57")&gt;</var>
<kw name="Get Text" library="SeleniumLibrary">
<var>${text}</var>
<arg>${i}</arg>
<doc>Returns the text value of the element identified by ``locator``.</doc>
<msg timestamp="20220516 15:37:06.812" level="INFO">${text} = Leave List</msg>
<status status="PASS" starttime="20220516 15:37:06.801" endtime="20220516 15:37:06.812"/>
</kw>
<kw name="Append To List" library="Collections">
<arg>${textList}</arg>
<arg>${text}</arg>
<doc>Adds ``values`` to the end of ``list``.</doc>
<status status="PASS" starttime="20220516 15:37:06.812" endtime="20220516 15:37:06.812"/>
</kw>
<status status="PASS" starttime="20220516 15:37:06.801" endtime="20220516 15:37:06.812"/>
</iter>
<iter>
<var name="${i}">&lt;selenium.webdriver.remote.webelement.WebElement (session="464cfba674da021df288f09ef4ae2786", element="8c713b99-2eb4-4a4f-93f8-e898bea239ac")&gt;</var>
<kw name="Get Text" library="SeleniumLibrary">
<var>${text}</var>
<arg>${i}</arg>
<doc>Returns the text value of the element identified by ``locator``.</doc>
<msg timestamp="20220516 15:37:06.822" level="INFO">${text} = Timesheets</msg>
<status status="PASS" starttime="20220516 15:37:06.812" endtime="20220516 15:37:06.822"/>
</kw>
<kw name="Append To List" library="Collections">
<arg>${textList}</arg>
<arg>${text}</arg>
<doc>Adds ``values`` to the end of ``list``.</doc>
<status status="PASS" starttime="20220516 15:37:06.822" endtime="20220516 15:37:06.822"/>
</kw>
<status status="PASS" starttime="20220516 15:37:06.812" endtime="20220516 15:37:06.822"/>
</iter>
<iter>
<var name="${i}">&lt;selenium.webdriver.remote.webelement.WebElement (session="464cfba674da021df288f09ef4ae2786", element="bceb0b5a-48a1-422b-bd69-055559e33d61")&gt;</var>
<kw name="Get Text" library="SeleniumLibrary">
<var>${text}</var>
<arg>${i}</arg>
<doc>Returns the text value of the element identified by ``locator``.</doc>
<msg timestamp="20220516 15:37:06.834" level="INFO">${text} = Apply Leave</msg>
<status status="PASS" starttime="20220516 15:37:06.822" endtime="20220516 15:37:06.834"/>
</kw>
<kw name="Append To List" library="Collections">
<arg>${textList}</arg>
<arg>${text}</arg>
<doc>Adds ``values`` to the end of ``list``.</doc>
<status status="PASS" starttime="20220516 15:37:06.835" endtime="20220516 15:37:06.835"/>
</kw>
<status status="PASS" starttime="20220516 15:37:06.822" endtime="20220516 15:37:06.835"/>
</iter>
<iter>
<var name="${i}">&lt;selenium.webdriver.remote.webelement.WebElement (session="464cfba674da021df288f09ef4ae2786", element="13877f7d-84e9-459d-a420-ce7adc817d1e")&gt;</var>
<kw name="Get Text" library="SeleniumLibrary">
<var>${text}</var>
<arg>${i}</arg>
<doc>Returns the text value of the element identified by ``locator``.</doc>
<msg timestamp="20220516 15:37:06.847" level="INFO">${text} = My Leave</msg>
<status status="PASS" starttime="20220516 15:37:06.835" endtime="20220516 15:37:06.847"/>
</kw>
<kw name="Append To List" library="Collections">
<arg>${textList}</arg>
<arg>${text}</arg>
<doc>Adds ``values`` to the end of ``list``.</doc>
<status status="PASS" starttime="20220516 15:37:06.847" endtime="20220516 15:37:06.847"/>
</kw>
<status status="PASS" starttime="20220516 15:37:06.835" endtime="20220516 15:37:06.847"/>
</iter>
<iter>
<var name="${i}">&lt;selenium.webdriver.remote.webelement.WebElement (session="464cfba674da021df288f09ef4ae2786", element="7cac27a7-ee1b-4783-acd3-5669d1a21365")&gt;</var>
<kw name="Get Text" library="SeleniumLibrary">
<var>${text}</var>
<arg>${i}</arg>
<doc>Returns the text value of the element identified by ``locator``.</doc>
<msg timestamp="20220516 15:37:06.857" level="INFO">${text} = My Timesheet</msg>
<status status="PASS" starttime="20220516 15:37:06.847" endtime="20220516 15:37:06.857"/>
</kw>
<kw name="Append To List" library="Collections">
<arg>${textList}</arg>
<arg>${text}</arg>
<doc>Adds ``values`` to the end of ``list``.</doc>
<status status="PASS" starttime="20220516 15:37:06.857" endtime="20220516 15:37:06.857"/>
</kw>
<status status="PASS" starttime="20220516 15:37:06.847" endtime="20220516 15:37:06.857"/>
</iter>
<status status="PASS" starttime="20220516 15:37:06.789" endtime="20220516 15:37:06.857"/>
</for>
<kw name="Log To Console" library="BuiltIn">
<arg>\n List from WebPage:</arg>
<doc>Logs the given message to the console.</doc>
<status status="PASS" starttime="20220516 15:37:06.858" endtime="20220516 15:37:06.859"/>
</kw>
<kw name="Log To Console" library="BuiltIn">
<arg>${textList}</arg>
<doc>Logs the given message to the console.</doc>
<status status="PASS" starttime="20220516 15:37:06.859" endtime="20220516 15:37:06.860"/>
</kw>
<kw name="Log To Console" library="BuiltIn">
<arg>Our List:</arg>
<doc>Logs the given message to the console.</doc>
<status status="PASS" starttime="20220516 15:37:06.860" endtime="20220516 15:37:06.860"/>
</kw>
<kw name="Log To Console" library="BuiltIn">
<arg>${quickLaunchList}</arg>
<doc>Logs the given message to the console.</doc>
<status status="PASS" starttime="20220516 15:37:06.860" endtime="20220516 15:37:06.861"/>
</kw>
<kw name="Lists Should Be Equal" library="Collections">
<arg>${textList}</arg>
<arg>${quickLaunchList}</arg>
<doc>Fails if given lists are unequal.</doc>
<status status="PASS" starttime="20220516 15:37:06.861" endtime="20220516 15:37:06.861"/>
</kw>
<kw name="Close Browser" library="SeleniumLibrary">
<doc>Closes the current browser.</doc>
<status status="PASS" starttime="20220516 15:37:06.861" endtime="20220516 15:37:09.020"/>
</kw>
<doc>This test case verifies that the quick launch texts from the webpage matches our Text list.</doc>
<tag>Smoke</tag>
<status status="PASS" starttime="20220516 15:36:57.989" endtime="20220516 15:37:09.020"/>
</test>
<doc>Looping in Robot Framework</doc>
<status status="PASS" starttime="20220516 15:36:57.857" endtime="20220516 15:37:09.026"/>
</suite>
<statistics>
<total>
<stat pass="1" fail="0" skip="0">All Tests</stat>
</total>
<tag>
<stat pass="1" fail="0" skip="0">Smoke</stat>
</tag>
<suite>
<stat pass="1" fail="0" skip="0" id="s1" name="Forloop1">Forloop1</stat>
</suite>
</statistics>
<errors>
</errors>
</robot>
